This is pdfTeX, Version 3.141592653-2.6-1.40.25 (TeX Live 2023) (preloaded format=pdflatex 2023.5.8)  8 MAY 2023 19:48
entering extended mode
 restricted \write18 enabled.
 file:line:error style messages enabled.
 %&-line parsing enabled.
**"/Users/dhushyanth/Study/BTP/BTech-Thesis/thesis 2.tex"
(/Users/dhushyanth/Study/BTP/BTech-Thesis/thesis 2.tex
LaTeX2e <2022-11-01> patch level 1
L3 programming layer <2023-02-22> (./CSEThesis.cls
Document Class: CSEThesis 2007/04/09
(/usr/local/texlive/2023basic/texmf-dist/tex/latex/base/report.cls
Document Class: report 2022/07/02 v1.4n Standard LaTeX document class
(/usr/local/texlive/2023basic/texmf-dist/tex/latex/base/size12.clo
File: size12.clo 2022/07/02 v1.4n Standard LaTeX file (size option)
)
\c@part=\count185
\c@chapter=\count186
\c@section=\count187
\c@subsection=\count188
\c@subsubsection=\count189
\c@paragraph=\count190
\c@subparagraph=\count191
\c@figure=\count192
\c@table=\count193
\abovecaptionskip=\skip48
\belowcaptionskip=\skip49
\bibindent=\dimen140
)
\c@theorem=\count194
\c@invar=\count195
\c@obs=\count196
\c@conj=\count197
\btptitle=\toks16
\name=\toks17
\rollno=\toks18
\email=\toks19
\guide=\toks20
\insidemargin=\dimen141
\outsidemargin=\dimen142
\abovemargin=\dimen143
\belowmargin=\dimen144
\aboveTcaptionskip=\dimen145
\belowTcaptionskip=\dimen146
) (/usr/local/texlive/2023basic/texmf-dist/tex/latex/amsmath/amsmath.sty
Package: amsmath 2022/04/08 v2.17n AMS math features
\@mathmargin=\skip50

For additional information on amsmath, use the `?' option.
(/usr/local/texlive/2023basic/texmf-dist/tex/latex/amsmath/amstext.sty
Package: amstext 2021/08/26 v2.01 AMS text
 (/usr/local/texlive/2023basic/texmf-dist/tex/latex/amsmath/amsgen.sty
File: amsgen.sty 1999/11/30 v2.0 generic functions
\@emptytoks=\toks21
\ex@=\dimen147
)) (/usr/local/texlive/2023basic/texmf-dist/tex/latex/amsmath/amsbsy.sty
Package: amsbsy 1999/11/29 v1.2d Bold Symbols
\pmbraise@=\dimen148
) (/usr/local/texlive/2023basic/texmf-dist/tex/latex/amsmath/amsopn.sty
Package: amsopn 2022/04/08 v2.04 operator names
)
\inf@bad=\count198
LaTeX Info: Redefining \frac on input line 234.
\uproot@=\count199
\leftroot@=\count266
LaTeX Info: Redefining \overline on input line 399.
LaTeX Info: Redefining \colon on input line 410.
\classnum@=\count267
\DOTSCASE@=\count268
LaTeX Info: Redefining \ldots on input line 496.
LaTeX Info: Redefining \dots on input line 499.
LaTeX Info: Redefining \cdots on input line 620.
\Mathstrutbox@=\box51
\strutbox@=\box52
LaTeX Info: Redefining \big on input line 722.
LaTeX Info: Redefining \Big on input line 723.
LaTeX Info: Redefining \bigg on input line 724.
LaTeX Info: Redefining \Bigg on input line 725.
\big@size=\dimen149
LaTeX Font Info:    Redeclaring font encoding OML on input line 743.
LaTeX Font Info:    Redeclaring font encoding OMS on input line 744.
\macc@depth=\count269
LaTeX Info: Redefining \bmod on input line 905.
LaTeX Info: Redefining \pmod on input line 910.
LaTeX Info: Redefining \smash on input line 940.
LaTeX Info: Redefining \relbar on input line 970.
LaTeX Info: Redefining \Relbar on input line 971.
\c@MaxMatrixCols=\count270
\dotsspace@=\muskip16
\c@parentequation=\count271
\dspbrk@lvl=\count272
\tag@help=\toks22
\row@=\count273
\column@=\count274
\maxfields@=\count275
\andhelp@=\toks23
\eqnshift@=\dimen150
\alignsep@=\dimen151
\tagshift@=\dimen152
\tagwidth@=\dimen153
\totwidth@=\dimen154
\lineht@=\dimen155
\@envbody=\toks24
\multlinegap=\skip51
\multlinetaggap=\skip52
\mathdisplay@stack=\toks25
LaTeX Info: Redefining \[ on input line 2953.
LaTeX Info: Redefining \] on input line 2954.
) (/usr/local/texlive/2023basic/texmf-dist/tex/latex/graphics/graphics.sty
Package: graphics 2022/03/10 v1.4e Standard LaTeX Graphics (DPC,SPQR)
 (/usr/local/texlive/2023basic/texmf-dist/tex/latex/graphics/trig.sty
Package: trig 2021/08/11 v1.11 sin cos tan (DPC)
) (/usr/local/texlive/2023basic/texmf-dist/tex/latex/graphics-cfg/graphics.cfg
File: graphics.cfg 2016/06/04 v1.11 sample graphics configuration
)
Package graphics Info: Driver file: pdftex.def on input line 107.
 (/usr/local/texlive/2023basic/texmf-dist/tex/latex/graphics-def/pdftex.def
File: pdftex.def 2022/09/22 v1.2b Graphics/color driver for pdftex
)) (/usr/local/texlive/2023basic/texmf-dist/tex/latex/setspace/setspace.sty
Package: setspace 2022/12/04 v6.7b set line spacing
) (/usr/local/texlive/2023basic/texmf-dist/tex/latex/tools/multicol.sty
Package: multicol 2021/11/30 v1.9d multicolumn formatting (FMi)
\c@tracingmulticols=\count276
\mult@box=\box53
\multicol@leftmargin=\dimen156
\c@unbalance=\count277
\c@collectmore=\count278
\doublecol@number=\count279
\multicoltolerance=\count280
\multicolpretolerance=\count281
\full@width=\dimen157
\page@free=\dimen158
\premulticols=\dimen159
\postmulticols=\dimen160
\multicolsep=\skip53
\multicolbaselineskip=\skip54
\partial@page=\box54
\last@line=\box55
\maxbalancingoverflow=\dimen161
\mult@rightbox=\box56
\mult@grightbox=\box57
\mult@firstbox=\box58
\mult@gfirstbox=\box59
\@tempa=\box60
\@tempa=\box61
\@tempa=\box62
\@tempa=\box63
\@tempa=\box64
\@tempa=\box65
\@tempa=\box66
\@tempa=\box67
\@tempa=\box68
\@tempa=\box69
\@tempa=\box70
\@tempa=\box71
\@tempa=\box72
\@tempa=\box73
\@tempa=\box74
\@tempa=\box75
\@tempa=\box76
\@tempa=\box77
\@tempa=\box78
\@tempa=\box79
\@tempa=\box80
\@tempa=\box81
\@tempa=\box82
\@tempa=\box83
\@tempa=\box84
\@tempa=\box85
\@tempa=\box86
\@tempa=\box87
\@tempa=\box88
\@tempa=\box89
\@tempa=\box90
\@tempa=\box91
\@tempa=\box92
\@tempa=\box93
\@tempa=\box94
\@tempa=\box95
\c@minrows=\count282
\c@columnbadness=\count283
\c@finalcolumnbadness=\count284
\last@try=\dimen162
\multicolovershoot=\dimen163
\multicolundershoot=\dimen164
\mult@nat@firstbox=\box96
\colbreak@box=\box97
\mc@col@check@num=\count285
) (/usr/local/texlive/2023basic/texmf-dist/tex/latex/subfig/subfig.sty
Package: subfig 2005/06/28 ver: 1.3 subfig package
 (/usr/local/texlive/2023basic/texmf-dist/tex/latex/graphics/keyval.sty
Package: keyval 2022/05/29 v1.15 key=value parser (DPC)
\KV@toks@=\toks26
) (/usr/local/texlive/2023basic/texmf-dist/tex/latex/caption/caption.sty
Package: caption 2023/03/12 v3.6j Customizing captions (AR)
 (/usr/local/texlive/2023basic/texmf-dist/tex/latex/caption/caption3.sty
Package: caption3 2023/03/12 v2.4 caption3 kernel (AR)
\caption@tempdima=\dimen165
\captionmargin=\dimen166
\caption@leftmargin=\dimen167
\caption@rightmargin=\dimen168
\caption@width=\dimen169
\caption@indent=\dimen170
\caption@parindent=\dimen171
\caption@hangindent=\dimen172
Package caption Info: Unknown document class (or package),
(caption)             standard defaults will be used.
Package caption Info: \@makecaption = \long macro:#1#2->\vskip \abovecaptionskip \sbox \@tempboxa {\captionfontsize #1\quad #2}\ifdim \wd \@tempboxa >\captiontextfraction \hsize \hbox to \hsize {\hfil \parbox {\captiontextfraction \hsize }{\captionfontsize #1\quad #2}\hfil }\else \global \@minipagefalse \hbox to \hsize {\hfil \box \@tempboxa \hfil }\fi \vskip \belowcaptionskip  on input line 1176.
)

Package caption Warning: Unknown document class (or package),
(caption)                standard defaults will be used.
See the caption package documentation for explanation.

\c@caption@flags=\count286
\c@continuedfloat=\count287
)
\c@KVtest=\count288
\sf@farskip=\skip55
\sf@captopadj=\dimen173
\sf@capskip=\skip56
\sf@nearskip=\skip57
\c@subfigure=\count289
\c@subfigure@save=\count290
\c@lofdepth=\count291
\c@subtable=\count292
\c@subtable@save=\count293
\c@lotdepth=\count294
\sf@top=\skip58
\sf@bottom=\skip59
) (/usr/local/texlive/2023basic/texmf-dist/tex/latex/graphics/epsfig.sty
Package: epsfig 2017/06/25 v1.7b (e)psfig emulation (SPQR)
 (/usr/local/texlive/2023basic/texmf-dist/tex/latex/graphics/graphicx.sty
Package: graphicx 2021/09/16 v1.2d Enhanced LaTeX Graphics (DPC,SPQR)
\Gin@req@height=\dimen174
\Gin@req@width=\dimen175
)
\epsfxsize=\dimen176
\epsfysize=\dimen177
) (/usr/local/texlive/2023basic/texmf-dist/tex/latex/graphics/color.sty
Package: color 2022/01/06 v1.3d Standard LaTeX Color (DPC)
 (/usr/local/texlive/2023basic/texmf-dist/tex/latex/graphics-cfg/color.cfg
File: color.cfg 2016/01/02 v1.6 sample color configuration
)
Package color Info: Driver file: pdftex.def on input line 149.
 (/usr/local/texlive/2023basic/texmf-dist/tex/latex/graphics/mathcolor.ltx)) (/usr/local/texlive/2023basic/texmf-dist/tex/latex/l3backend/l3backend-pdftex.def
File: l3backend-pdftex.def 2023-01-16 L3 backend support: PDF output (pdfTeX)
\l__color_backend_stack_int=\count295
\l__pdf_internal_box=\box98
) (./thesis 2.aux (./chapters/title.aux) (./chapters/certificate.aux) (./chapters/acknowledgement.aux) (./chapters/chapter1.aux) (./chapters/chapter2.aux) (./chapters/chapter3.aux) (./chapters/chapter4.aux) (./chapters/futurework.aux))
\openout1 = `"thesis 2.aux"'.

LaTeX Font Info:    Checking defaults for OML/cmm/m/it on input line 29.
LaTeX Font Info:    ... okay on input line 29.
LaTeX Font Info:    Checking defaults for OMS/cmsy/m/n on input line 29.
LaTeX Font Info:    ... okay on input line 29.
LaTeX Font Info:    Checking defaults for OT1/cmr/m/n on input line 29.
LaTeX Font Info:    ... okay on input line 29.
LaTeX Font Info:    Checking defaults for T1/cmr/m/n on input line 29.
LaTeX Font Info:    ... okay on input line 29.
LaTeX Font Info:    Checking defaults for TS1/cmr/m/n on input line 29.
LaTeX Font Info:    ... okay on input line 29.
LaTeX Font Info:    Checking defaults for OMX/cmex/m/n on input line 29.
LaTeX Font Info:    ... okay on input line 29.
LaTeX Font Info:    Checking defaults for U/cmr/m/n on input line 29.
LaTeX Font Info:    ... okay on input line 29.
 (/usr/local/texlive/2023basic/texmf-dist/tex/context/base/mkii/supp-pdf.mkii
[Loading MPS to PDF converter (version 2006.09.02).]
\scratchcounter=\count296
\scratchdimen=\dimen178
\scratchbox=\box99
\nofMPsegments=\count297
\nofMParguments=\count298
\everyMPshowfont=\toks27
\MPscratchCnt=\count299
\MPscratchDim=\dimen179
\MPnumerator=\count300
\makeMPintoPDFobject=\count301
\everyMPtoPDFconversion=\toks28
) (/usr/local/texlive/2023basic/texmf-dist/tex/latex/epstopdf-pkg/epstopdf-base.sty
Package: epstopdf-base 2020-01-24 v2.11 Base part for package epstopdf
Package epstopdf-base Info: Redefining graphics rule for `.eps' on input line 485.
 (/usr/local/texlive/2023basic/texmf-dist/tex/latex/latexconfig/epstopdf-sys.cfg
File: epstopdf-sys.cfg 2010/07/13 v1.3 Configuration of (r)epstopdf for TeX Live
))
Package caption Info: Begin \AtBeginDocument code.
Package caption Info: subfig package v1.3 is loaded.
Package caption Info: End \AtBeginDocument code.
\openout2 = `chapters/title.aux'.

 (./chapters/title.tex
Package epstopdf Info: Source file: <iitp_logo.eps>
(epstopdf)                    date: 2023-05-08 14:02:34
(epstopdf)                    size: 324896 bytes
(epstopdf)             Output file: <iitp_logo-eps-converted-to.pdf>
(epstopdf)                    date: 2023-05-08 11:18:51
(epstopdf)                    size: 9335 bytes
(epstopdf)             Command: <repstopdf --outfile=iitp_logo-eps-converted-to.pdf iitp_logo.eps>
(epstopdf)             \includegraphics on input line 17.
runsystem(repstopdf --outfile=iitp_logo-eps-converted-to.pdf iitp_logo.eps)...executed safely (allowed).

Package epstopdf Info: Result file: <iitp_logo-eps-converted-to.pdf>
(epstopdf)                    date: 2023-05-08 11:18:51
(epstopdf)                    size: 9335 bytes.
<iitp_logo-eps-converted-to.pdf, id=1, 132.495pt x 112.42pt>
File: iitp_logo-eps-converted-to.pdf Graphic file (type pdf)
<use iitp_logo-eps-converted-to.pdf>
Package pdftex.def Info: iitp_logo-eps-converted-to.pdf  used on input line 17.
(pdftex.def)             Requested size: 90.343pt x 76.65558pt.
 [1


{/usr/local/texlive/2023basic/texmf-var/fonts/map/pdftex/updmap/pdftex.map} <./iitp_logo-eps-converted-to.pdf>])
\openout2 = `chapters/certificate.aux'.

 (./chapters/certificate.tex) [1




]
\openout2 = `chapters/acknowledgement.aux'.

 (./chapters/acknowledgement.tex) [2




] (./thesis 2.toc)
\tf@toc=\write3
\openout3 = `"thesis 2.toc"'.

 [3



] (./thesis 2.lof)
\tf@lof=\write4
\openout4 = `"thesis 2.lof"'.

 [4

] (./thesis 2.lot)
\tf@lot=\write5
\openout5 = `"thesis 2.lot"'.



[1

]
\openout2 = `chapters/chapter1.aux'.

 (./chapters/chapter1.tex
Chapter 1.
[1


]) [2]

\openout2 = `chapters/chapter2.aux'.

(./chapters/chapter2.tex
Chapter 2.

LaTeX Warning: Reference `table1' on page 3 undefined on input line 14.

) [3




]

\openout2 = `chapters/chapter3.aux'.

(./chapters/chapter3.tex
Chapter 3.
) [4




]

\openout2 = `chapters/chapter4.aux'.

(./chapters/chapter4.tex
Chapter 4.
) [5




]

\openout2 = `chapters/futurework.aux'.

(./chapters/futurework.tex
Chapter 5.
) [6




]

(./thesis 2.bbl

LaTeX Warning: Empty `thebibliography' environment on input line 3.

) [7




] (./thesis 2.aux (./chapters/title.aux) (./chapters/certificate.aux) (./chapters/acknowledgement.aux) (./chapters/chapter1.aux) (./chapters/chapter2.aux) (./chapters/chapter3.aux) (./chapters/chapter4.aux) (./chapters/futurework.aux))

LaTeX Warning: There were undefined references.

 ) 
Here is how much of TeX's memory you used:
 4228 strings out of 477476
 76780 string characters out of 5824245
 1854388 words of memory out of 5000000
 24381 multiletter control sequences out of 15000+600000
 523910 words of font info for 71 fonts, out of 8000000 for 9000
 319 hyphenation exceptions out of 8191
 69i,6n,79p,836b,317s stack positions out of 10000i,1000n,20000p,200000b,200000s
</usr/local/texlive/2023basic/texmf-dist/fonts/type1/public/amsfonts/cm/cmbx10.pfb></usr/local/texlive/2023basic/texmf-dist/fonts/type1/public/amsfonts/cm/cmbx12.pfb></usr/local/texlive/2023basic/texmf-dist/fonts/type1/public/amsfonts/cm/cmbxsl10.pfb></usr/local/texlive/2023basic/texmf-dist/fonts/type1/public/amsfonts/cm/cmbxti10.pfb></usr/local/texlive/2023basic/texmf-dist/fonts/type1/public/amsfonts/cm/cmmi12.pfb></usr/local/texlive/2023basic/texmf-dist/fonts/type1/public/amsfonts/cm/cmr12.pfb></usr/local/texlive/2023basic/texmf-dist/fonts/type1/public/amsfonts/cm/cmss12.pfb></usr/local/texlive/2023basic/texmf-dist/fonts/type1/public/amsfonts/cm/cmssbx10.pfb></usr/local/texlive/2023basic/texmf-dist/fonts/type1/public/amsfonts/cm/cmti12.pfb>
Output written on "thesis 2.pdf" (13 pages, 139183 bytes).
PDF statistics:
 96 PDF objects out of 1000 (max. 8388607)
 60 compressed objects within 1 object stream
 0 named destinations out of 1000 (max. 500000)
 6 words of extra memory for PDF output out of 10000 (max. 10000000)

